#! /usr/bin/vvp
:ivl_version "12.0 (stable)" "(v12_0-dirty)";
:ivl_delay_selection "TYPICAL";
:vpi_time_precision - 12;
:vpi_module "/usr/lib/ivl/system.vpi";
:vpi_module "/usr/lib/ivl/vhdl_sys.vpi";
:vpi_module "/usr/lib/ivl/vhdl_textio.vpi";
:vpi_module "/usr/lib/ivl/v2005_math.vpi";
:vpi_module "/usr/lib/ivl/va_math.vpi";
:vpi_module "/usr/lib/ivl/v2009.vpi";
S_0x561cda6d63a0 .scope package, "$unit" "$unit" 2 1;
 .timescale 0 0;
S_0x561cda6f2160 .scope module, "heap_tb" "heap_tb" 3 3;
 .timescale -9 -12;
v0x561cda717420_0 .var "clk", 0 0;
v0x561cda7174e0_0 .var "data_in", 7 0;
v0x561cda717580_0 .net "data_out", 7 0, v0x561cda6d4690_0;  1 drivers
v0x561cda717620_0 .net "empty", 0 0, v0x561cda7165c0_0;  1 drivers
v0x561cda7176c0_0 .net "full", 0 0, v0x561cda716680_0;  1 drivers
v0x561cda7177b0_0 .var "pop", 0 0;
v0x561cda717850_0 .var "push", 0 0;
v0x561cda717920_0 .var "rst_n", 0 0;
S_0x561cda6ab5d0 .scope task, "pop_element" "pop_element" 3 88, 3 88 0, S_0x561cda6f2160;
 .timescale -9 -12;
E_0x561cda6abe30 .event negedge, v0x561cda6d5260_0;
TD_heap_tb.pop_element ;
    %wait E_0x561cda6abe30;
    %vpi_call/w 3 91 "$display", "Popping element" {0 0 0};
    %pushi/vec4 1, 0, 1;
    %store/vec4 v0x561cda7177b0_0, 0, 1;
    %wait E_0x561cda6abe30;
    %pushi/vec4 0, 0, 1;
    %store/vec4 v0x561cda7177b0_0, 0, 1;
    %fork TD_heap_tb.wait_for_idle, S_0x561cda717290;
    %join;
    %end;
S_0x561cda6ab780 .scope task, "push_element" "push_element" 3 75, 3 75 0, S_0x561cda6f2160;
 .timescale -9 -12;
v0x561cda6d62c0_0 .var "value", 7 0;
TD_heap_tb.push_element ;
    %wait E_0x561cda6abe30;
    %vpi_call/w 3 78 "$display", "Pushing element %d", v0x561cda6d62c0_0 {0 0 0};
    %load/vec4 v0x561cda6d62c0_0;
    %store/vec4 v0x561cda7174e0_0, 0, 8;
    %pushi/vec4 1, 0, 1;
    %store/vec4 v0x561cda717850_0, 0, 1;
    %wait E_0x561cda6abe30;
    %pushi/vec4 0, 0, 1;
    %store/vec4 v0x561cda717850_0, 0, 1;
    %pushi/vec4 0, 0, 8;
    %store/vec4 v0x561cda7174e0_0, 0, 8;
    %fork TD_heap_tb.wait_for_idle, S_0x561cda717290;
    %join;
    %end;
S_0x561cda715f50 .scope module, "uut" "heap" 3 18, 4 1 0, S_0x561cda6f2160;
 .timescale 0 0;
    .port_info 0 /INPUT 1 "clk";
    .port_info 1 /INPUT 1 "rst_n";
    .port_info 2 /INPUT 1 "push";
    .port_info 3 /INPUT 1 "pop";
    .port_info 4 /INPUT 8 "data_in";
    .port_info 5 /OUTPUT 8 "data_out";
    .port_info 6 /OUTPUT 1 "empty";
    .port_info 7 /OUTPUT 1 "full";
P_0x561cda716130 .param/l "HEAPIFY_DOWN" 1 4 29, C4<0100>;
P_0x561cda716170 .param/l "HEAPIFY_UP" 1 4 28, C4<0011>;
P_0x561cda7161b0 .param/l "IDLE" 1 4 25, C4<0000>;
P_0x561cda7161f0 .param/l "POP" 1 4 27, C4<0010>;
P_0x561cda716230 .param/l "PUSH" 1 4 26, C4<0001>;
v0x561cda6d5260_0 .net "clk", 0 0, v0x561cda717420_0;  1 drivers
v0x561cda6d5cb0_0 .net "data_in", 7 0, v0x561cda7174e0_0;  1 drivers
v0x561cda6d4690_0 .var "data_out", 7 0;
v0x561cda7165c0_0 .var "empty", 0 0;
v0x561cda716680_0 .var "full", 0 0;
v0x561cda716790 .array "heap_array", 7 0, 7 0;
v0x561cda716850_0 .var "heap_size", 3 0;
v0x561cda716930_0 .var "idx", 3 0;
v0x561cda716a10_0 .var "left_idx", 3 0;
v0x561cda716af0_0 .var "parent_idx", 3 0;
v0x561cda716bd0_0 .net "pop", 0 0, v0x561cda7177b0_0;  1 drivers
v0x561cda716c90_0 .net "push", 0 0, v0x561cda717850_0;  1 drivers
v0x561cda716d50_0 .var "right_idx", 3 0;
v0x561cda716e30_0 .net "rst_n", 0 0, v0x561cda717920_0;  1 drivers
v0x561cda716ef0_0 .var "smallest_idx", 3 0;
v0x561cda716fd0_0 .var "state", 3 0;
v0x561cda7170b0_0 .var "temp", 7 0;
E_0x561cda6e73d0/0 .event negedge, v0x561cda716e30_0;
E_0x561cda6e73d0/1 .event posedge, v0x561cda6d5260_0;
E_0x561cda6e73d0 .event/or E_0x561cda6e73d0/0, E_0x561cda6e73d0/1;
S_0x561cda717290 .scope task, "wait_for_idle" "wait_for_idle" 3 99, 3 99 0, S_0x561cda6f2160;
 .timescale -9 -12;
TD_heap_tb.wait_for_idle ;
T_2.0 ;
    %load/vec4 v0x561cda716fd0_0;
    %cmpi/ne 0, 0, 4;
    %jmp/0xz T_2.1, 4;
    %wait E_0x561cda6abe30;
    %jmp T_2.0;
T_2.1 ;
    %vpi_call/w 3 104 "$display", "Heap is idle" {0 0 0};
    %end;
    .scope S_0x561cda715f50;
T_3 ;
    %wait E_0x561cda6e73d0;
    %load/vec4 v0x561cda716e30_0;
    %nor/r;
    %flag_set/vec4 8;
    %jmp/0xz  T_3.0, 8;
    %pushi/vec4 0, 0, 4;
    %assign/vec4 v0x561cda716850_0, 0;
    %pushi/vec4 1, 0, 1;
    %assign/vec4 v0x561cda7165c0_0, 0;
    %pushi/vec4 0, 0, 1;
    %assign/vec4 v0x561cda716680_0, 0;
    %pushi/vec4 0, 0, 4;
    %assign/vec4 v0x561cda716fd0_0, 0;
    %jmp T_3.1;
T_3.0 ;
    %load/vec4 v0x561cda716fd0_0;
    %dup/vec4;
    %pushi/vec4 0, 0, 4;
    %cmp/u;
    %jmp/1 T_3.2, 6;
    %dup/vec4;
    %pushi/vec4 3, 0, 4;
    %cmp/u;
    %jmp/1 T_3.3, 6;
    %dup/vec4;
    %pushi/vec4 4, 0, 4;
    %cmp/u;
    %jmp/1 T_3.4, 6;
    %jmp T_3.5;
T_3.2 ;
    %load/vec4 v0x561cda716c90_0;
    %flag_set/vec4 9;
    %flag_get/vec4 9;
    %jmp/0 T_3.8, 9;
    %load/vec4 v0x561cda716680_0;
    %nor/r;
    %and;
T_3.8;
    %flag_set/vec4 8;
    %jmp/0xz  T_3.6, 8;
    %vpi_call/w 4 41 "$display", "Pushing value %d", v0x561cda6d5cb0_0 {0 0 0};
    %load/vec4 v0x561cda716850_0;
    %addi 1, 0, 4;
    %assign/vec4 v0x561cda716850_0, 0;
    %load/vec4 v0x561cda6d5cb0_0;
    %load/vec4 v0x561cda716850_0;
    %pad/u 5;
    %ix/vec4 3;
    %ix/load 4, 0, 0; Constant delay
    %assign/vec4/a/d v0x561cda716790, 0, 4;
    %pushi/vec4 0, 0, 1;
    %assign/vec4 v0x561cda7165c0_0, 0;
    %load/vec4 v0x561cda716850_0;
    %cmpi/e 7, 0, 4;
    %jmp/0xz  T_3.9, 4;
    %pushi/vec4 1, 0, 1;
    %assign/vec4 v0x561cda716680_0, 0;
    %jmp T_3.10;
T_3.9 ;
    %pushi/vec4 0, 0, 1;
    %assign/vec4 v0x561cda716680_0, 0;
T_3.10 ;
    %pushi/vec4 3, 0, 4;
    %assign/vec4 v0x561cda716fd0_0, 0;
    %load/vec4 v0x561cda716850_0;
    %assign/vec4 v0x561cda716930_0, 0;
    %jmp T_3.7;
T_3.6 ;
    %load/vec4 v0x561cda716bd0_0;
    %flag_set/vec4 9;
    %flag_get/vec4 9;
    %jmp/0 T_3.13, 9;
    %load/vec4 v0x561cda7165c0_0;
    %nor/r;
    %and;
T_3.13;
    %flag_set/vec4 8;
    %jmp/0xz  T_3.11, 8;
    %vpi_call/w 4 52 "$display", "Popping value %d", &A<v0x561cda716790, 0> {0 0 0};
    %ix/load 4, 0, 0;
    %flag_set/imm 4, 0;
    %load/vec4a v0x561cda716790, 4;
    %assign/vec4 v0x561cda6d4690_0, 0;
    %load/vec4 v0x561cda716850_0;
    %pad/u 32;
    %subi 1, 0, 32;
    %ix/vec4 4;
    %load/vec4a v0x561cda716790, 4;
    %ix/load 3, 0, 0;
    %flag_set/imm 4, 0;
    %ix/load 4, 0, 0; Constant delay
    %assign/vec4/a/d v0x561cda716790, 0, 4;
    %load/vec4 v0x561cda716850_0;
    %subi 1, 0, 4;
    %assign/vec4 v0x561cda716850_0, 0;
    %pushi/vec4 0, 0, 1;
    %assign/vec4 v0x561cda716680_0, 0;
    %load/vec4 v0x561cda716850_0;
    %cmpi/e 0, 0, 4;
    %jmp/0xz  T_3.14, 4;
    %pushi/vec4 1, 0, 1;
    %assign/vec4 v0x561cda7165c0_0, 0;
    %jmp T_3.15;
T_3.14 ;
    %pushi/vec4 0, 0, 1;
    %assign/vec4 v0x561cda7165c0_0, 0;
T_3.15 ;
    %pushi/vec4 4, 0, 4;
    %assign/vec4 v0x561cda716fd0_0, 0;
    %pushi/vec4 0, 0, 4;
    %assign/vec4 v0x561cda716930_0, 0;
T_3.11 ;
T_3.7 ;
    %jmp T_3.5;
T_3.3 ;
    %load/vec4 v0x561cda716930_0;
    %pad/u 32;
    %subi 1, 0, 32;
    %ix/load 4, 1, 0;
    %flag_set/imm 4, 0;
    %shiftr 4;
    %pad/u 4;
    %store/vec4 v0x561cda716af0_0, 0, 4;
    %load/vec4 v0x561cda716930_0;
    %pad/u 32;
    %cmpi/u 0, 0, 32;
    %flag_or 5, 4; GT is !LE
    %flag_inv 5;
    %flag_get/vec4 5;
    %jmp/0 T_3.18, 5;
    %load/vec4 v0x561cda716930_0;
    %pad/u 5;
    %ix/vec4 4;
    %load/vec4a v0x561cda716790, 4;
    %load/vec4 v0x561cda716af0_0;
    %pad/u 5;
    %ix/vec4 4;
    %load/vec4a v0x561cda716790, 4;
    %cmp/u;
    %flag_get/vec4 5;
    %and;
T_3.18;
    %flag_set/vec4 8;
    %jmp/0xz  T_3.16, 8;
    %load/vec4 v0x561cda716930_0;
    %pad/u 5;
    %ix/vec4 4;
    %load/vec4a v0x561cda716790, 4;
    %load/vec4 v0x561cda716af0_0;
    %pad/u 5;
    %ix/vec4 4;
    %load/vec4a v0x561cda716790, 4;
    %vpi_call/w 4 69 "$display", "Heapify up: swapping %d and %d", S<1,vec4,u8>, S<0,vec4,u8> {2 0 0};
    %load/vec4 v0x561cda716930_0;
    %pad/u 5;
    %ix/vec4 4;
    %load/vec4a v0x561cda716790, 4;
    %store/vec4 v0x561cda7170b0_0, 0, 8;
    %load/vec4 v0x561cda716af0_0;
    %pad/u 5;
    %ix/vec4 4;
    %load/vec4a v0x561cda716790, 4;
    %load/vec4 v0x561cda716930_0;
    %pad/u 5;
    %ix/vec4 4;
    %store/vec4a v0x561cda716790, 4, 0;
    %load/vec4 v0x561cda7170b0_0;
    %load/vec4 v0x561cda716af0_0;
    %pad/u 5;
    %ix/vec4 4;
    %store/vec4a v0x561cda716790, 4, 0;
    %load/vec4 v0x561cda716af0_0;
    %store/vec4 v0x561cda716930_0, 0, 4;
    %jmp T_3.17;
T_3.16 ;
    %pushi/vec4 0, 0, 4;
    %assign/vec4 v0x561cda716fd0_0, 0;
T_3.17 ;
    %jmp T_3.5;
T_3.4 ;
    %load/vec4 v0x561cda716930_0;
    %muli 2, 0, 4;
    %addi 1, 0, 4;
    %store/vec4 v0x561cda716a10_0, 0, 4;
    %load/vec4 v0x561cda716930_0;
    %muli 2, 0, 4;
    %addi 2, 0, 4;
    %store/vec4 v0x561cda716d50_0, 0, 4;
    %load/vec4 v0x561cda716930_0;
    %store/vec4 v0x561cda716ef0_0, 0, 4;
    %load/vec4 v0x561cda716a10_0;
    %load/vec4 v0x561cda716850_0;
    %cmp/u;
    %flag_get/vec4 5;
    %jmp/0 T_3.21, 5;
    %load/vec4 v0x561cda716a10_0;
    %pad/u 5;
    %ix/vec4 4;
    %load/vec4a v0x561cda716790, 4;
    %load/vec4 v0x561cda716ef0_0;
    %pad/u 5;
    %ix/vec4 4;
    %load/vec4a v0x561cda716790, 4;
    %cmp/u;
    %flag_get/vec4 5;
    %and;
T_3.21;
    %flag_set/vec4 8;
    %jmp/0xz  T_3.19, 8;
    %load/vec4 v0x561cda716a10_0;
    %store/vec4 v0x561cda716ef0_0, 0, 4;
T_3.19 ;
    %load/vec4 v0x561cda716d50_0;
    %load/vec4 v0x561cda716850_0;
    %cmp/u;
    %flag_get/vec4 5;
    %jmp/0 T_3.24, 5;
    %load/vec4 v0x561cda716d50_0;
    %pad/u 5;
    %ix/vec4 4;
    %load/vec4a v0x561cda716790, 4;
    %load/vec4 v0x561cda716ef0_0;
    %pad/u 5;
    %ix/vec4 4;
    %load/vec4a v0x561cda716790, 4;
    %cmp/u;
    %flag_get/vec4 5;
    %and;
T_3.24;
    %flag_set/vec4 8;
    %jmp/0xz  T_3.22, 8;
    %load/vec4 v0x561cda716d50_0;
    %store/vec4 v0x561cda716ef0_0, 0, 4;
T_3.22 ;
    %load/vec4 v0x561cda716ef0_0;
    %load/vec4 v0x561cda716930_0;
    %cmp/ne;
    %jmp/0xz  T_3.25, 4;
    %load/vec4 v0x561cda716930_0;
    %pad/u 5;
    %ix/vec4 4;
    %load/vec4a v0x561cda716790, 4;
    %load/vec4 v0x561cda716ef0_0;
    %pad/u 5;
    %ix/vec4 4;
    %load/vec4a v0x561cda716790, 4;
    %vpi_call/w 4 90 "$display", "Heapify down: swapping %d and %d", S<1,vec4,u8>, S<0,vec4,u8> {2 0 0};
    %load/vec4 v0x561cda716930_0;
    %pad/u 5;
    %ix/vec4 4;
    %load/vec4a v0x561cda716790, 4;
    %store/vec4 v0x561cda7170b0_0, 0, 8;
    %load/vec4 v0x561cda716ef0_0;
    %pad/u 5;
    %ix/vec4 4;
    %load/vec4a v0x561cda716790, 4;
    %load/vec4 v0x561cda716930_0;
    %pad/u 5;
    %ix/vec4 4;
    %store/vec4a v0x561cda716790, 4, 0;
    %load/vec4 v0x561cda7170b0_0;
    %load/vec4 v0x561cda716ef0_0;
    %pad/u 5;
    %ix/vec4 4;
    %store/vec4a v0x561cda716790, 4, 0;
    %load/vec4 v0x561cda716ef0_0;
    %store/vec4 v0x561cda716930_0, 0, 4;
    %jmp T_3.26;
T_3.25 ;
    %pushi/vec4 0, 0, 4;
    %assign/vec4 v0x561cda716fd0_0, 0;
T_3.26 ;
    %jmp T_3.5;
T_3.5 ;
    %pop/vec4 1;
T_3.1 ;
    %jmp T_3;
    .thread T_3;
    .scope S_0x561cda6f2160;
T_4 ;
    %delay 5000, 0;
    %load/vec4 v0x561cda717420_0;
    %inv;
    %store/vec4 v0x561cda717420_0, 0, 1;
    %jmp T_4;
    .thread T_4;
    .scope S_0x561cda6f2160;
T_5 ;
    %pushi/vec4 0, 0, 1;
    %store/vec4 v0x561cda717420_0, 0, 1;
    %pushi/vec4 0, 0, 1;
    %store/vec4 v0x561cda717920_0, 0, 1;
    %pushi/vec4 0, 0, 1;
    %store/vec4 v0x561cda717850_0, 0, 1;
    %pushi/vec4 0, 0, 1;
    %store/vec4 v0x561cda7177b0_0, 0, 1;
    %pushi/vec4 0, 0, 8;
    %store/vec4 v0x561cda7174e0_0, 0, 8;
    %vpi_call/w 3 41 "$dumpfile", "heap_tb.vcd" {0 0 0};
    %vpi_call/w 3 42 "$dumpvars", 32'sb00000000000000000000000000000000, S_0x561cda6f2160 {0 0 0};
    %vpi_call/w 3 45 "$display", "Starting simulation" {0 0 0};
    %delay 10000, 0;
    %pushi/vec4 1, 0, 1;
    %store/vec4 v0x561cda717920_0, 0, 1;
    %vpi_call/w 3 50 "$display", "Applying reset" {0 0 0};
    %delay 10000, 0;
    %pushi/vec4 15, 0, 8;
    %store/vec4 v0x561cda6d62c0_0, 0, 8;
    %fork TD_heap_tb.push_element, S_0x561cda6ab780;
    %join;
    %pushi/vec4 10, 0, 8;
    %store/vec4 v0x561cda6d62c0_0, 0, 8;
    %fork TD_heap_tb.push_element, S_0x561cda6ab780;
    %join;
    %pushi/vec4 5, 0, 8;
    %store/vec4 v0x561cda6d62c0_0, 0, 8;
    %fork TD_heap_tb.push_element, S_0x561cda6ab780;
    %join;
    %pushi/vec4 7, 0, 8;
    %store/vec4 v0x561cda6d62c0_0, 0, 8;
    %fork TD_heap_tb.push_element, S_0x561cda6ab780;
    %join;
    %pushi/vec4 3, 0, 8;
    %store/vec4 v0x561cda6d62c0_0, 0, 8;
    %fork TD_heap_tb.push_element, S_0x561cda6ab780;
    %join;
    %pushi/vec4 8, 0, 8;
    %store/vec4 v0x561cda6d62c0_0, 0, 8;
    %fork TD_heap_tb.push_element, S_0x561cda6ab780;
    %join;
    %delay 10000, 0;
    %fork TD_heap_tb.pop_element, S_0x561cda6ab5d0;
    %join;
    %fork TD_heap_tb.pop_element, S_0x561cda6ab5d0;
    %join;
    %fork TD_heap_tb.pop_element, S_0x561cda6ab5d0;
    %join;
    %fork TD_heap_tb.pop_element, S_0x561cda6ab5d0;
    %join;
    %fork TD_heap_tb.pop_element, S_0x561cda6ab5d0;
    %join;
    %fork TD_heap_tb.pop_element, S_0x561cda6ab5d0;
    %join;
    %delay 10000, 0;
    %vpi_call/w 3 72 "$finish" {0 0 0};
    %end;
    .thread T_5;
# The file index is used to find the file name in the following table.
:file_names 5;
    "N/A";
    "<interactive>";
    "-";
    "heap_tb.v";
    "heap.v";
